TN:
SF:src/buildTree.js
FN:3,compareObjects
FN:26,buildTree
FNF:2
FNH:2
FNDA:30,compareObjects
FNDA:6,buildTree
DA:1,1
DA:2,1
DA:3,1
DA:4,30
DA:5,30
DA:6,30
DA:7,30
DA:8,108
DA:9,108
DA:10,66
DA:11,66
DA:12,66
DA:13,66
DA:14,108
DA:15,108
DA:16,108
DA:17,108
DA:18,24
DA:19,24
DA:20,24
DA:21,24
DA:22,18
DA:23,18
DA:24,30
DA:25,1
DA:26,1
DA:27,1
DA:28,1
LF:28
LH:28
BRDA:3,0,0,30
BRDA:7,1,0,108
BRDA:8,2,0,12
BRDA:8,3,0,96
BRDA:9,4,0,30
BRDA:9,5,0,66
BRDA:14,6,0,30
BRDA:14,7,0,24
BRDA:17,8,0,24
BRDA:22,9,0,18
BRDA:26,10,0,6
BRF:11
BRH:11
end_of_record
TN:
SF:src/index.js
FN:8,loadData
FN:15,genDiff
FNF:2
FNH:2
FNDA:12,loadData
FNDA:6,genDiff
DA:1,1
DA:2,1
DA:3,1
DA:4,1
DA:5,1
DA:6,1
DA:7,1
DA:8,1
DA:9,12
DA:10,12
DA:11,12
DA:12,12
DA:13,12
DA:14,1
DA:15,1
DA:16,6
DA:17,6
DA:18,6
DA:19,1
DA:20,1
LF:20
LH:20
BRDA:8,0,0,12
BRDA:15,1,0,6
BRF:2
BRH:2
end_of_record
TN:
SF:src/parsers.js
FNF:0
FNH:0
DA:1,1
DA:2,1
DA:3,1
DA:4,1
DA:5,1
DA:6,1
DA:7,1
LF:7
LH:7
BRF:0
BRH:0
end_of_record
TN:
SF:src/formatters/index.js
FN:5,default
FNF:1
FNH:1
FNDA:6,default
DA:1,1
DA:2,1
DA:3,1
DA:4,1
DA:5,1
DA:6,6
DA:7,6
DA:8,6
DA:9,6
DA:10,6
DA:11,6
DA:12,6
DA:13,6
DA:14,6
DA:15,6
DA:16,6
LF:16
LH:16
BRDA:5,0,0,6
BRDA:7,1,0,2
BRDA:9,2,0,2
BRDA:11,3,0,2
BRDA:13,4,0,0
BRF:5
BRH:4
end_of_record
TN:
SF:src/formatters/json.js
FN:1,JSONFormatter
FNF:1
FNH:1
FNDA:2,JSONFormatter
DA:1,1
DA:2,1
DA:3,1
LF:3
LH:3
BRDA:1,0,0,2
BRF:1
BRH:1
end_of_record
TN:
SF:src/formatters/plain.js
FN:3,stringify
FN:13,styleField
FNF:2
FNH:2
FNDA:26,stringify
FNDA:38,styleField
DA:1,1
DA:2,1
DA:3,1
DA:4,26
DA:5,6
DA:6,6
DA:7,26
DA:8,14
DA:9,14
DA:10,6
DA:11,6
DA:12,1
DA:13,1
DA:14,38
DA:15,38
DA:16,38
DA:17,38
DA:18,2
DA:19,2
DA:20,2
DA:21,38
DA:22,8
DA:23,8
DA:24,8
DA:25,38
DA:26,38
DA:27,38
DA:28,38
DA:29,38
DA:30,8
DA:31,8
DA:32,8
DA:33,38
DA:34,38
DA:35,38
DA:36,38
DA:37,1
DA:38,1
LF:38
LH:38
BRDA:3,0,0,26
BRDA:4,1,0,6
BRDA:7,2,0,14
BRDA:10,3,0,6
BRDA:13,4,0,38
BRDA:17,5,0,2
BRDA:21,6,0,8
BRDA:25,7,0,10
BRDA:27,8,0,4
BRDA:29,9,0,8
BRDA:33,10,0,6
BRDA:18,11,0,8
BRDA:22,12,0,28
BRF:13
BRH:13
end_of_record
TN:
SF:src/formatters/stylish.js
FN:3,indent
FN:5,stringify
FN:16,styleField
FNF:3
FNH:3
FNDA:84,indent
FNDA:54,stringify
FNDA:56,styleField
DA:1,1
DA:2,1
DA:3,1
DA:4,1
DA:5,1
DA:6,54
DA:7,40
DA:8,40
DA:9,54
DA:10,54
DA:11,54
DA:12,54
DA:13,54
DA:14,54
DA:15,1
DA:16,1
DA:17,56
DA:18,56
DA:19,2
DA:20,2
DA:21,2
DA:22,56
DA:23,8
DA:24,8
DA:25,8
DA:26,56
DA:27,56
DA:28,56
DA:29,56
DA:30,56
DA:31,56
DA:32,56
DA:33,8
DA:34,8
DA:35,8
DA:36,8
DA:37,8
DA:38,56
DA:39,56
DA:40,56
DA:41,56
DA:42,1
DA:43,1
LF:43
LH:43
BRDA:3,0,0,84
BRDA:5,1,0,54
BRDA:6,2,0,40
BRDA:11,3,0,18
BRDA:16,4,0,56
BRDA:18,5,0,2
BRDA:22,6,0,8
BRDA:26,7,0,10
BRDA:28,8,0,4
BRDA:30,9,0,24
BRDA:32,10,0,8
BRDA:38,11,0,0
BRDA:19,12,0,8
BRDA:23,13,0,28
BRF:14
BRH:13
end_of_record
